2018-12-13 21:45:08,807  INFO  PreferencesFactoryImpl.initialize()     [PreferencesFactoryImpl]
2018-12-13 21:45:08,810  INFO  DefaultPreferences.initialize()     [DefaultPreferences]
2018-12-13 21:45:08,811  DEBUG PreferencesFactoryImpl.module(Class)     [PreferencesFactoryImpl]
2018-12-13 21:45:08,811  DEBUG DefaultPreferences.module(Class)     [DefaultPreferences]
2018-12-13 21:45:08,812  DEBUG PreferencesFactoryImpl.key(String)     [PreferencesFactoryImpl]
2018-12-13 21:45:08,812  DEBUG DefaultPreferences.key(String)     [DefaultPreferences]
2018-12-13 21:45:08,812  DEBUG PreferencesFactoryImpl.put(Double)     [PreferencesFactoryImpl]
2018-12-13 21:45:08,812  INFO  PreferencesFactoryImpl.initialize()     [PreferencesFactoryImpl]
2018-12-13 21:45:08,813  INFO  DefaultPreferences.initialize()     [DefaultPreferences]
2018-12-13 21:45:08,813  DEBUG PreferencesFactoryImpl.module(Class)     [PreferencesFactoryImpl]
2018-12-13 21:45:08,813  DEBUG DefaultPreferences.module(Class)     [DefaultPreferences]
2018-12-13 21:45:08,813  DEBUG PreferencesFactoryImpl.key(String)     [PreferencesFactoryImpl]
2018-12-13 21:45:08,813  DEBUG DefaultPreferences.key(String)     [DefaultPreferences]
2018-12-13 21:45:08,813  DEBUG PreferencesFactoryImpl.get(Double)     [PreferencesFactoryImpl]
2018-12-13 21:45:08,813  DEBUG DefaultPreferences.get(Double)     [DefaultPreferences]
2018-12-13 21:45:08,814  WARN    Don't found key 'dummy.module.scope.dummy.key5' into the properties. Return default value.     [DefaultPreferences]
2018-12-13 21:45:08,814  INFO  PreferencesFactoryImpl.initialize()     [PreferencesFactoryImpl]
2018-12-13 21:45:08,814  INFO  DefaultPreferences.initialize()     [DefaultPreferences]
2018-12-13 21:45:08,815  DEBUG PreferencesFactoryImpl.module(Class)     [PreferencesFactoryImpl]
2018-12-13 21:45:08,815  INFO  PreferencesFactoryImpl.initialize()     [PreferencesFactoryImpl]
2018-12-13 21:45:08,815  INFO  DefaultPreferences.initialize()     [DefaultPreferences]
2018-12-13 21:45:08,816  DEBUG PreferencesFactoryImpl.module(Class)     [PreferencesFactoryImpl]
2018-12-13 21:45:08,816  DEBUG DefaultPreferences.module(Class)     [DefaultPreferences]
2018-12-13 21:45:08,816  DEBUG PreferencesFactoryImpl.key(String)     [PreferencesFactoryImpl]
2018-12-13 21:45:08,816  DEBUG DefaultPreferences.key(String)     [DefaultPreferences]
2018-12-13 21:45:08,816  DEBUG PreferencesFactoryImpl.put(Long)     [PreferencesFactoryImpl]
2018-12-13 21:45:08,816  INFO  PreferencesFactoryImpl.initialize()     [PreferencesFactoryImpl]
2018-12-13 21:45:08,816  INFO  DefaultPreferences.initialize()     [DefaultPreferences]
2018-12-13 21:45:08,817  DEBUG PreferencesFactoryImpl.module(Class)     [PreferencesFactoryImpl]
2018-12-13 21:45:08,817  DEBUG DefaultPreferences.module(Class)     [DefaultPreferences]
2018-12-13 21:45:08,817  DEBUG PreferencesFactoryImpl.key(String)     [PreferencesFactoryImpl]
2018-12-13 21:45:08,817  DEBUG DefaultPreferences.key(String)     [DefaultPreferences]
2018-12-13 21:45:08,817  DEBUG PreferencesFactoryImpl.get(Long)     [PreferencesFactoryImpl]
2018-12-13 21:45:08,817  INFO  PreferencesFactoryImpl.initialize()     [PreferencesFactoryImpl]
2018-12-13 21:45:08,817  INFO  DefaultPreferences.initialize()     [DefaultPreferences]
2018-12-13 21:45:08,817  DEBUG PreferencesFactoryImpl.module(Class)     [PreferencesFactoryImpl]
2018-12-13 21:45:08,818  DEBUG DefaultPreferences.module(Class)     [DefaultPreferences]
2018-12-13 21:45:08,818  DEBUG PreferencesFactoryImpl.key(String)     [PreferencesFactoryImpl]
2018-12-13 21:45:08,818  DEBUG DefaultPreferences.key(String)     [DefaultPreferences]
2018-12-13 21:45:08,818  DEBUG PreferencesFactoryImpl.put(Boolean)     [PreferencesFactoryImpl]
2018-12-13 21:45:08,818  INFO  PreferencesFactoryImpl.initialize()     [PreferencesFactoryImpl]
2018-12-13 21:45:08,818  INFO  DefaultPreferences.initialize()     [DefaultPreferences]
2018-12-13 21:45:08,819  DEBUG PreferencesFactoryImpl.module(Class)     [PreferencesFactoryImpl]
2018-12-13 21:45:08,819  DEBUG DefaultPreferences.module(Class)     [DefaultPreferences]
2018-12-13 21:45:08,819  DEBUG PreferencesFactoryImpl.key(String)     [PreferencesFactoryImpl]
2018-12-13 21:45:08,819  DEBUG DefaultPreferences.key(String)     [DefaultPreferences]
2018-12-13 21:45:08,819  DEBUG PreferencesFactoryImpl.put(Boolean)     [PreferencesFactoryImpl]
2018-12-13 21:45:08,819  DEBUG DefaultPreferences.put(Boolean)     [DefaultPreferences]
2018-12-13 21:45:08,822  DEBUG   Save 'dummy.module.scope.dummy.key3' to 'true'     [DefaultPreferences]
2018-12-13 21:45:08,822  INFO  PreferencesFactoryImpl.initialize()     [PreferencesFactoryImpl]
2018-12-13 21:45:08,822  INFO  DefaultPreferences.initialize()     [DefaultPreferences]
2018-12-13 21:45:08,823  DEBUG PreferencesFactoryImpl.module(Class)     [PreferencesFactoryImpl]
2018-12-13 21:45:08,823  DEBUG DefaultPreferences.module(Class)     [DefaultPreferences]
2018-12-13 21:45:08,823  DEBUG PreferencesFactoryImpl.key(String)     [PreferencesFactoryImpl]
2018-12-13 21:45:08,823  DEBUG DefaultPreferences.key(String)     [DefaultPreferences]
2018-12-13 21:45:08,823  DEBUG PreferencesFactoryImpl.get(Boolean)     [PreferencesFactoryImpl]
2018-12-13 21:45:08,823  DEBUG DefaultPreferences.get(Boolean)     [DefaultPreferences]
2018-12-13 21:45:08,823  DEBUG   Load dummy.module.scope.dummy.key3=true     [DefaultPreferences]
2018-12-13 21:45:08,824  INFO  PreferencesFactoryImpl.initialize()     [PreferencesFactoryImpl]
2018-12-13 21:45:08,824  INFO  DefaultPreferences.initialize()     [DefaultPreferences]
2018-12-13 21:45:08,824  DEBUG PreferencesFactoryImpl.module(Class)     [PreferencesFactoryImpl]
2018-12-13 21:45:08,824  DEBUG DefaultPreferences.module(Class)     [DefaultPreferences]
2018-12-13 21:45:08,825  DEBUG PreferencesFactoryImpl.key(String)     [PreferencesFactoryImpl]
2018-12-13 21:45:08,825  DEBUG DefaultPreferences.key(String)     [DefaultPreferences]
2018-12-13 21:45:08,825  DEBUG PreferencesFactoryImpl.put(String)     [PreferencesFactoryImpl]
2018-12-13 21:45:08,825  DEBUG DefaultPreferences.put(String)     [DefaultPreferences]
2018-12-13 21:45:08,825  DEBUG   Save 'dummy.module.scope.dummy.key12' to 'hello world'     [DefaultPreferences]
2018-12-13 21:45:08,826  INFO  PreferencesFactoryImpl.initialize()     [PreferencesFactoryImpl]
2018-12-13 21:45:08,826  INFO  DefaultPreferences.initialize()     [DefaultPreferences]
2018-12-13 21:45:08,826  DEBUG PreferencesFactoryImpl.module(Class)     [PreferencesFactoryImpl]
2018-12-13 21:45:08,826  DEBUG DefaultPreferences.module(Class)     [DefaultPreferences]
2018-12-13 21:45:08,826  DEBUG PreferencesFactoryImpl.key(String)     [PreferencesFactoryImpl]
2018-12-13 21:45:08,826  DEBUG DefaultPreferences.key(String)     [DefaultPreferences]
2018-12-13 21:45:08,826  DEBUG PreferencesFactoryImpl.get(String)     [PreferencesFactoryImpl]
2018-12-13 21:45:08,826  DEBUG DefaultPreferences.get(String)     [DefaultPreferences]
2018-12-13 21:45:08,827  DEBUG   Load dummy.module.scope.dummy.key12=hello world     [DefaultPreferences]
2018-12-13 21:45:08,827  INFO  PreferencesFactoryImpl.initialize()     [PreferencesFactoryImpl]
2018-12-13 21:45:08,827  INFO  DefaultPreferences.initialize()     [DefaultPreferences]
2018-12-13 21:45:08,827  DEBUG PreferencesFactoryImpl.module(Class)     [PreferencesFactoryImpl]
2018-12-13 21:45:08,827  DEBUG DefaultPreferences.module(Class)     [DefaultPreferences]
2018-12-13 21:45:08,827  DEBUG PreferencesFactoryImpl.key(String)     [PreferencesFactoryImpl]
2018-12-13 21:45:08,827  DEBUG DefaultPreferences.key(String)     [DefaultPreferences]
2018-12-13 21:45:08,828  DEBUG PreferencesFactoryImpl.get(Boolean)     [PreferencesFactoryImpl]
2018-12-13 21:45:08,828  DEBUG DefaultPreferences.get(Boolean)     [DefaultPreferences]
2018-12-13 21:45:08,828  WARN    Don't found key 'dummy.module.scope.dummy.key1' into the properties. Return default value.     [DefaultPreferences]
2018-12-13 21:45:08,828  INFO  PreferencesFactoryImpl.initialize()     [PreferencesFactoryImpl]
2018-12-13 21:45:08,828  INFO  DefaultPreferences.initialize()     [DefaultPreferences]
2018-12-13 21:45:08,828  DEBUG PreferencesFactoryImpl.module(Class)     [PreferencesFactoryImpl]
2018-12-13 21:45:08,829  DEBUG DefaultPreferences.module(Class)     [DefaultPreferences]
2018-12-13 21:45:08,829  DEBUG PreferencesFactoryImpl.key(String)     [PreferencesFactoryImpl]
2018-12-13 21:45:08,829  DEBUG DefaultPreferences.key(String)     [DefaultPreferences]
2018-12-13 21:45:08,830  DEBUG PreferencesFactoryImpl.get(Boolean)     [PreferencesFactoryImpl]
2018-12-13 21:45:08,830  DEBUG DefaultPreferences.get(Boolean)     [DefaultPreferences]
2018-12-13 21:45:08,830  WARN    Don't found key 'dummy.module.scope.dummy.key2' into the properties. Return default value.     [DefaultPreferences]
2018-12-13 21:45:08,830  INFO  PreferencesFactoryImpl.initialize()     [PreferencesFactoryImpl]
2018-12-13 21:45:08,831  INFO  DefaultPreferences.initialize()     [DefaultPreferences]
2018-12-13 21:45:08,831  DEBUG PreferencesFactoryImpl.module(Class)     [PreferencesFactoryImpl]
2018-12-13 21:45:08,831  DEBUG DefaultPreferences.module(Class)     [DefaultPreferences]
2018-12-13 21:45:08,831  DEBUG PreferencesFactoryImpl.key(String)     [PreferencesFactoryImpl]
2018-12-13 21:45:08,831  INFO  PreferencesFactoryImpl.initialize()     [PreferencesFactoryImpl]
2018-12-13 21:45:08,831  INFO  DefaultPreferences.initialize()     [DefaultPreferences]
2018-12-13 21:45:08,832  DEBUG PreferencesFactoryImpl.module(Class)     [PreferencesFactoryImpl]
2018-12-13 21:45:08,832  DEBUG DefaultPreferences.module(Class)     [DefaultPreferences]
2018-12-13 21:45:08,832  DEBUG PreferencesFactoryImpl.key(String)     [PreferencesFactoryImpl]
2018-12-13 21:45:08,832  DEBUG DefaultPreferences.key(String)     [DefaultPreferences]
2018-12-13 21:45:08,832  DEBUG PreferencesFactoryImpl.get(Long)     [PreferencesFactoryImpl]
2018-12-13 21:45:08,832  DEBUG DefaultPreferences.get(Long)     [DefaultPreferences]
2018-12-13 21:45:08,832  WARN    Don't found key 'dummy.module.scope.dummy.key9' into the properties. Return default value.     [DefaultPreferences]
2018-12-13 21:45:08,832  INFO  PreferencesFactoryImpl.initialize()     [PreferencesFactoryImpl]
2018-12-13 21:45:08,833  INFO  DefaultPreferences.initialize()     [DefaultPreferences]
2018-12-13 21:45:08,833  DEBUG PreferencesFactoryImpl.module(Class)     [PreferencesFactoryImpl]
2018-12-13 21:45:08,833  DEBUG DefaultPreferences.module(Class)     [DefaultPreferences]
2018-12-13 21:45:08,833  DEBUG PreferencesFactoryImpl.key(String)     [PreferencesFactoryImpl]
2018-12-13 21:45:08,833  DEBUG DefaultPreferences.key(String)     [DefaultPreferences]
2018-12-13 21:45:08,833  DEBUG PreferencesFactoryImpl.get(String)     [PreferencesFactoryImpl]
2018-12-13 21:45:08,833  INFO  PreferencesFactoryImpl.initialize()     [PreferencesFactoryImpl]
2018-12-13 21:45:08,833  INFO  DefaultPreferences.initialize()     [DefaultPreferences]
2018-12-13 21:45:08,834  DEBUG PreferencesFactoryImpl.module(Class)     [PreferencesFactoryImpl]
2018-12-13 21:45:08,834  DEBUG DefaultPreferences.module(Class)     [DefaultPreferences]
2018-12-13 21:45:08,834  DEBUG PreferencesFactoryImpl.key(String)     [PreferencesFactoryImpl]
2018-12-13 21:45:08,834  DEBUG DefaultPreferences.key(String)     [DefaultPreferences]
2018-12-13 21:45:08,834  DEBUG PreferencesFactoryImpl.get(String)     [PreferencesFactoryImpl]
2018-12-13 21:45:08,834  DEBUG DefaultPreferences.get(String)     [DefaultPreferences]
2018-12-13 21:45:08,834  WARN    Don't found key 'dummy.module.scope.dummy.key11' into the properties. Return default value.     [DefaultPreferences]
2018-12-13 21:45:08,834  INFO  PreferencesFactoryImpl.initialize()     [PreferencesFactoryImpl]
2018-12-13 21:45:08,835  INFO  DefaultPreferences.initialize()     [DefaultPreferences]
2018-12-13 21:45:08,835  DEBUG PreferencesFactoryImpl.module(Class)     [PreferencesFactoryImpl]
2018-12-13 21:45:08,835  DEBUG DefaultPreferences.module(Class)     [DefaultPreferences]
2018-12-13 21:45:08,835  DEBUG PreferencesFactoryImpl.key(String)     [PreferencesFactoryImpl]
2018-12-13 21:45:08,836  INFO  PreferencesFactoryImpl.initialize()     [PreferencesFactoryImpl]
2018-12-13 21:45:08,836  INFO  DefaultPreferences.initialize()     [DefaultPreferences]
2018-12-13 21:45:08,836  DEBUG PreferencesFactoryImpl.module(Class)     [PreferencesFactoryImpl]
2018-12-13 21:45:08,836  DEBUG DefaultPreferences.module(Class)     [DefaultPreferences]
2018-12-13 21:45:08,836  DEBUG PreferencesFactoryImpl.key(String)     [PreferencesFactoryImpl]
2018-12-13 21:45:08,836  DEBUG DefaultPreferences.key(String)     [DefaultPreferences]
2018-12-13 21:45:08,837  DEBUG PreferencesFactoryImpl.put(Integer)     [PreferencesFactoryImpl]
2018-12-13 21:45:08,837  INFO  PreferencesFactoryImpl.initialize()     [PreferencesFactoryImpl]
2018-12-13 21:45:08,837  INFO  DefaultPreferences.initialize()     [DefaultPreferences]
2018-12-13 21:45:08,837  DEBUG PreferencesFactoryImpl.module(Class)     [PreferencesFactoryImpl]
2018-12-13 21:45:08,837  DEBUG DefaultPreferences.module(Class)     [DefaultPreferences]
2018-12-13 21:45:08,837  DEBUG PreferencesFactoryImpl.key(String)     [PreferencesFactoryImpl]
2018-12-13 21:45:08,838  DEBUG DefaultPreferences.key(String)     [DefaultPreferences]
2018-12-13 21:45:08,838  DEBUG PreferencesFactoryImpl.put(Long)     [PreferencesFactoryImpl]
2018-12-13 21:45:08,838  DEBUG DefaultPreferences.put(Long)     [DefaultPreferences]
2018-12-13 21:45:08,838  DEBUG   Save 'dummy.module.scope.dummy.key10' to '123'     [DefaultPreferences]
2018-12-13 21:45:08,838  INFO  PreferencesFactoryImpl.initialize()     [PreferencesFactoryImpl]
2018-12-13 21:45:08,838  INFO  DefaultPreferences.initialize()     [DefaultPreferences]
2018-12-13 21:45:08,839  DEBUG PreferencesFactoryImpl.module(Class)     [PreferencesFactoryImpl]
2018-12-13 21:45:08,839  DEBUG DefaultPreferences.module(Class)     [DefaultPreferences]
2018-12-13 21:45:08,839  DEBUG PreferencesFactoryImpl.key(String)     [PreferencesFactoryImpl]
2018-12-13 21:45:08,839  DEBUG DefaultPreferences.key(String)     [DefaultPreferences]
2018-12-13 21:45:08,839  DEBUG PreferencesFactoryImpl.get(Long)     [PreferencesFactoryImpl]
2018-12-13 21:45:08,839  DEBUG DefaultPreferences.get(Long)     [DefaultPreferences]
2018-12-13 21:45:08,839  DEBUG   Load dummy.module.scope.dummy.key10=123     [DefaultPreferences]
2018-12-13 21:45:08,839  INFO  PreferencesFactoryImpl.initialize()     [PreferencesFactoryImpl]
2018-12-13 21:45:08,840  INFO  DefaultPreferences.initialize()     [DefaultPreferences]
2018-12-13 21:45:08,840  DEBUG PreferencesFactoryImpl.module(Class)     [PreferencesFactoryImpl]
2018-12-13 21:45:08,840  DEBUG DefaultPreferences.module(Class)     [DefaultPreferences]
2018-12-13 21:45:08,840  DEBUG PreferencesFactoryImpl.key(String)     [PreferencesFactoryImpl]
2018-12-13 21:45:08,840  DEBUG DefaultPreferences.key(String)     [DefaultPreferences]
2018-12-13 21:45:08,840  DEBUG PreferencesFactoryImpl.get(String)     [PreferencesFactoryImpl]
2018-12-13 21:45:08,840  INFO  PreferencesFactoryImpl.initialize()     [PreferencesFactoryImpl]
2018-12-13 21:45:08,840  INFO  DefaultPreferences.initialize()     [DefaultPreferences]
2018-12-13 21:45:08,841  DEBUG PreferencesFactoryImpl.module(Class)     [PreferencesFactoryImpl]
2018-12-13 21:45:08,841  DEBUG DefaultPreferences.module(Class)     [DefaultPreferences]
2018-12-13 21:45:08,841  DEBUG PreferencesFactoryImpl.key(String)     [PreferencesFactoryImpl]
2018-12-13 21:45:08,841  DEBUG DefaultPreferences.key(String)     [DefaultPreferences]
2018-12-13 21:45:08,841  DEBUG PreferencesFactoryImpl.get(Double)     [PreferencesFactoryImpl]
2018-12-13 21:45:08,841  INFO  PreferencesFactoryImpl.initialize()     [PreferencesFactoryImpl]
2018-12-13 21:45:08,841  INFO  DefaultPreferences.initialize()     [DefaultPreferences]
2018-12-13 21:45:08,842  DEBUG PreferencesFactoryImpl.module(Class)     [PreferencesFactoryImpl]
2018-12-13 21:45:08,842  DEBUG DefaultPreferences.module(Class)     [DefaultPreferences]
2018-12-13 21:45:08,842  DEBUG PreferencesFactoryImpl.key(String)     [PreferencesFactoryImpl]
2018-12-13 21:45:08,842  DEBUG DefaultPreferences.key(String)     [DefaultPreferences]
2018-12-13 21:45:08,842  DEBUG PreferencesFactoryImpl.put(Integer)     [PreferencesFactoryImpl]
2018-12-13 21:45:08,842  DEBUG DefaultPreferences.put(Integer)     [DefaultPreferences]
2018-12-13 21:45:08,843  DEBUG   Save 'dummy.module.scope.dummy.key8' to '123456'     [DefaultPreferences]
2018-12-13 21:45:08,843  INFO  PreferencesFactoryImpl.initialize()     [PreferencesFactoryImpl]
2018-12-13 21:45:08,843  INFO  DefaultPreferences.initialize()     [DefaultPreferences]
2018-12-13 21:45:08,843  DEBUG PreferencesFactoryImpl.module(Class)     [PreferencesFactoryImpl]
2018-12-13 21:45:08,843  DEBUG DefaultPreferences.module(Class)     [DefaultPreferences]
2018-12-13 21:45:08,844  DEBUG PreferencesFactoryImpl.key(String)     [PreferencesFactoryImpl]
2018-12-13 21:45:08,844  DEBUG DefaultPreferences.key(String)     [DefaultPreferences]
2018-12-13 21:45:08,844  DEBUG PreferencesFactoryImpl.get(Integer)     [PreferencesFactoryImpl]
2018-12-13 21:45:08,844  DEBUG DefaultPreferences.get(Integer)     [DefaultPreferences]
2018-12-13 21:45:08,844  DEBUG   Load dummy.module.scope.dummy.key8=123456     [DefaultPreferences]
2018-12-13 21:45:08,844  INFO  PreferencesFactoryImpl.initialize()     [PreferencesFactoryImpl]
2018-12-13 21:45:08,844  INFO  DefaultPreferences.initialize()     [DefaultPreferences]
2018-12-13 21:45:08,845  DEBUG PreferencesFactoryImpl.module(Class)     [PreferencesFactoryImpl]
2018-12-13 21:45:08,845  DEBUG DefaultPreferences.module(Class)     [DefaultPreferences]
2018-12-13 21:45:08,845  DEBUG PreferencesFactoryImpl.key(String)     [PreferencesFactoryImpl]
2018-12-13 21:45:08,845  DEBUG DefaultPreferences.key(String)     [DefaultPreferences]
2018-12-13 21:45:08,845  DEBUG PreferencesFactoryImpl.get(Integer)     [PreferencesFactoryImpl]
2018-12-13 21:45:08,845  DEBUG DefaultPreferences.get(Integer)     [DefaultPreferences]
2018-12-13 21:45:08,845  WARN    Don't found key 'dummy.module.scope.dummy.key7' into the properties. Return default value.     [DefaultPreferences]
2018-12-13 21:45:08,846  INFO  PreferencesFactoryImpl.initialize()     [PreferencesFactoryImpl]
2018-12-13 21:45:08,846  INFO  DefaultPreferences.initialize()     [DefaultPreferences]
2018-12-13 21:45:08,846  DEBUG PreferencesFactoryImpl.module(Class)     [PreferencesFactoryImpl]
2018-12-13 21:45:08,846  DEBUG DefaultPreferences.module(Class)     [DefaultPreferences]
2018-12-13 21:45:08,846  DEBUG PreferencesFactoryImpl.key(String)     [PreferencesFactoryImpl]
2018-12-13 21:45:08,846  DEBUG DefaultPreferences.key(String)     [DefaultPreferences]
2018-12-13 21:45:08,847  DEBUG PreferencesFactoryImpl.put(Double)     [PreferencesFactoryImpl]
2018-12-13 21:45:08,847  DEBUG DefaultPreferences.put(Double)     [DefaultPreferences]
2018-12-13 21:45:08,848  DEBUG   Save 'dummy.module.scope.dummy.key6' to '1,234500'     [DefaultPreferences]
2018-12-13 21:45:08,848  INFO  PreferencesFactoryImpl.initialize()     [PreferencesFactoryImpl]
2018-12-13 21:45:08,848  INFO  DefaultPreferences.initialize()     [DefaultPreferences]
2018-12-13 21:45:08,849  DEBUG PreferencesFactoryImpl.module(Class)     [PreferencesFactoryImpl]
2018-12-13 21:45:08,849  DEBUG DefaultPreferences.module(Class)     [DefaultPreferences]
2018-12-13 21:45:08,849  DEBUG PreferencesFactoryImpl.key(String)     [PreferencesFactoryImpl]
2018-12-13 21:45:08,849  DEBUG DefaultPreferences.key(String)     [DefaultPreferences]
2018-12-13 21:45:08,849  DEBUG PreferencesFactoryImpl.get(Double)     [PreferencesFactoryImpl]
2018-12-13 21:45:08,849  DEBUG DefaultPreferences.get(Double)     [DefaultPreferences]
2018-12-13 21:45:08,849  DEBUG   Load dummy.module.scope.dummy.key6=1,234500     [DefaultPreferences]
2018-12-13 21:45:08,850  INFO  PreferencesFactoryImpl.initialize()     [PreferencesFactoryImpl]
2018-12-13 21:45:08,850  INFO  DefaultPreferences.initialize()     [DefaultPreferences]
2018-12-13 21:45:08,850  DEBUG PreferencesFactoryImpl.module(Class)     [PreferencesFactoryImpl]
2018-12-13 21:45:08,850  DEBUG DefaultPreferences.module(Class)     [DefaultPreferences]
2018-12-13 21:45:08,850  DEBUG PreferencesFactoryImpl.key(String)     [PreferencesFactoryImpl]
2018-12-13 21:45:08,851  DEBUG DefaultPreferences.key(String)     [DefaultPreferences]
2018-12-13 21:45:08,851  DEBUG PreferencesFactoryImpl.put(String)     [PreferencesFactoryImpl]
2018-12-13 21:45:08,851  INFO  PreferencesFactoryImpl.initialize()     [PreferencesFactoryImpl]
2018-12-13 21:45:08,851  INFO  DefaultPreferences.initialize()     [DefaultPreferences]
2018-12-13 21:45:08,851  DEBUG PreferencesFactoryImpl.module(Class)     [PreferencesFactoryImpl]
2018-12-13 21:45:08,851  DEBUG DefaultPreferences.module(Class)     [DefaultPreferences]
2018-12-13 21:45:08,852  DEBUG PreferencesFactoryImpl.key(String)     [PreferencesFactoryImpl]
2018-12-13 21:45:08,852  DEBUG DefaultPreferences.key(String)     [DefaultPreferences]
2018-12-13 21:45:08,852  DEBUG PreferencesFactoryImpl.get(Boolean)     [PreferencesFactoryImpl]
2018-12-13 21:45:08,852  INFO  PreferencesFactoryImpl.initialize()     [PreferencesFactoryImpl]
2018-12-13 21:45:08,852  INFO  DefaultPreferences.initialize()     [DefaultPreferences]
2018-12-13 21:45:08,853  DEBUG PreferencesFactoryImpl.module(Class)     [PreferencesFactoryImpl]
2018-12-13 21:45:08,853  DEBUG DefaultPreferences.module(Class)     [DefaultPreferences]
2018-12-13 21:45:08,853  DEBUG PreferencesFactoryImpl.key(String)     [PreferencesFactoryImpl]
2018-12-13 21:45:08,853  DEBUG DefaultPreferences.key(String)     [DefaultPreferences]
2018-12-13 21:45:08,853  DEBUG PreferencesFactoryImpl.put(String)     [PreferencesFactoryImpl]
2018-12-13 21:45:08,853  INFO  PreferencesFactoryImpl.initialize()     [PreferencesFactoryImpl]
2018-12-13 21:45:08,853  INFO  DefaultPreferences.initialize()     [DefaultPreferences]
2018-12-13 21:45:08,853  DEBUG PreferencesFactoryImpl.module(Class)     [PreferencesFactoryImpl]
2018-12-13 21:45:08,854  DEBUG DefaultPreferences.module(Class)     [DefaultPreferences]
2018-12-13 21:45:08,854  DEBUG PreferencesFactoryImpl.key(String)     [PreferencesFactoryImpl]
2018-12-13 21:45:08,854  DEBUG DefaultPreferences.key(String)     [DefaultPreferences]
2018-12-13 21:45:08,854  DEBUG PreferencesFactoryImpl.get(Integer)     [PreferencesFactoryImpl]
